<?xml version="1.0" encoding="UTF-8"?>
<!-- Generated by org.testng.reporters.JUnitReportReporter -->
<testsuite hostname="KG_PC" name="Tutorial.TestNG_TestCase" tests="1" failures="0" timestamp="12 Jul 2016 04:49:40 GMT" time="32.903" errors="0">
  <testcase name="testMethod" time="32.903" classname="Tutorial.TestNG_TestCase"/>
</testsuite> <!-- Tutorial.TestNG_TestCase -->
