<?xml version="1.0" encoding="UTF-8"?>
<!-- Generated by org.testng.reporters.JUnitReportReporter -->
<testsuite hostname="KG_PC" name="Tutorial.BrowserTest" tests="1" failures="0" timestamp="11 Jul 2016 03:14:20 GMT" time="7.576" errors="0">
  <testcase name="f" time="7.576" classname="Tutorial.BrowserTest"/>
</testsuite> <!-- Tutorial.BrowserTest -->
