<?xml version="1.0" encoding="UTF-8"?>
<!-- Generated by org.testng.reporters.JUnitReportReporter -->
<testsuite hostname="KG_PC" name="Tutorial.LaunchFirefox" tests="1" failures="0" timestamp="11 Jul 2016 02:00:36 GMT" time="48.092" errors="1">
  <testcase name="f" time="48.092" classname="Tutorial.LaunchFirefox">
    <error type="org.openqa.selenium.WebDriverException" message="Failed to connect to binary FirefoxBinary(C:\Program Files (x86)\Mozilla Firefox\firefox.exe) on port 7055; process output follows: 
1467464001716,&quot;updateDate&quot;:1467464001716,&quot;applyBackgroundUpdates&quot;:1,&quot;skinnable&quot;:true,&quot;size&quot;:22006,&quot;sourceURI&quot;:null,&quot;releaseNotesURI&quot;:null,&quot;softDisabled&quot;:false,&quot;foreignInstall&quot;:false,&quot;hasBinaryComponents&quot;:false,&quot;strictCompatibility&quot;:true,&quot;locales&quot;:[],&quot;targetApplications&quot;:[{&quot;id&quot;:&quot;{ec8030f7-c20a-464f-9b0e-13a3a9e97384}&quot;,&quot;minVersion&quot;:&quot;47.0&quot;,&quot;maxVersion&quot;:&quot;47.0&quot;}],&quot;targetPlatforms&quot;:[],&quot;seen&quot;:true}
1468202391774	addons.xpi	DEBUG	getModTime: Recursive scan of {972ce4c6-7e08-4474-a285-3208198ce6fd}
1468202391777	DeferredSave.extensions.json	DEBUG	Save changes
1468202391777	addons.xpi	DEBUG	Updating database with changes to installed add-ons
1468202391777	addons.xpi-utils	DEBUG	Updating add-on states
1468202391780	addons.xpi-utils	DEBUG	Writing add-ons list
1468202391784	addons.xpi	DEBUG	Registering manifest for C:\Program Files (x86)\Mozilla Firefox\browser\features\e10srollout@mozilla.org.xpi
1468202391785	addons.xpi	DEBUG	Calling bootstrap method startup on e10srollout@mozilla.org version 1.0
1468202391785	addons.xpi	DEBUG	Registering manifest for C:\Program Files (x86)\Mozilla Firefox\browser\features\firefox@getpocket.com.xpi
1468202391786	addons.xpi	DEBUG	Calling bootstrap method startup on firefox@getpocket.com version 1.0.2
1468202391787	addons.xpi	DEBUG	Registering manifest for C:\Program Files (x86)\Mozilla Firefox\browser\features\loop@mozilla.org.xpi
1468202391788	addons.xpi	DEBUG	Calling bootstrap method startup on loop@mozilla.org version 1.3.2
1468202391819	addons.xpi	DEBUG	Registering manifest for C:\Program Files (x86)\Mozilla Firefox\browser\extensions\{82AF8DCA-6DE9-405D-BD5E-43525BDAD38A}.xpi
1468202391819	addons.xpi	DEBUG	Calling bootstrap method startup on {82AF8DCA-6DE9-405D-BD5E-43525BDAD38A} version 8.3.0.9150
1468202391824	addons.manager	DEBUG	Registering shutdown blocker for XPIProvider
1468202391824	addons.manager	DEBUG	Provider finished startup: XPIProvider
1468202391824	addons.manager	DEBUG	Starting provider: LightweightThemeManager
1468202391825	addons.manager	DEBUG	Registering shutdown blocker for LightweightThemeManager
1468202391825	addons.manager	DEBUG	Provider finished startup: LightweightThemeManager
1468202391826	addons.manager	DEBUG	Starting provider: GMPProvider
1468202391836	addons.manager	DEBUG	Registering shutdown blocker for GMPProvider
1468202391837	addons.manager	DEBUG	Provider finished startup: GMPProvider
1468202391837	addons.manager	DEBUG	Starting provider: PluginProvider
1468202391837	addons.manager	DEBUG	Registering shutdown blocker for PluginProvider
1468202391837	addons.manager	DEBUG	Provider finished startup: PluginProvider
1468202391838	addons.manager	DEBUG	Completed startup sequence
1468202392340	addons.manager	DEBUG	Starting provider: &lt;unnamed-provider&gt;
1468202392340	addons.manager	DEBUG	Registering shutdown blocker for &lt;unnamed-provider&gt;
1468202392341	addons.manager	DEBUG	Provider finished startup: &lt;unnamed-provider&gt;
JavaScript warning: resource://gre/modules/commonjs/toolkit/loader.js -&gt; resource://gre/modules/commonjs/sdk/system/environment.js, line 15: Proxy.create and Proxy.createFunction are deprecated, use new Proxy instead
1468202392889	DeferredSave.extensions.json	DEBUG	Write succeeded
1468202392889	addons.xpi-utils	DEBUG	XPI Database saved, setting schema version preference to 17
1468202392890	DeferredSave.extensions.json	DEBUG	Starting timer
1468202392911	addons.repository	DEBUG	No addons.json found.
1468202392912	DeferredSave.addons.json	DEBUG	Save changes
1468202392917	DeferredSave.addons.json	DEBUG	Starting timer
1468202392968	addons.manager	DEBUG	Starting provider: PreviousExperimentProvider
1468202392968	addons.manager	DEBUG	Registering shutdown blocker for PreviousExperimentProvider
1468202392968	addons.manager	DEBUG	Provider finished startup: PreviousExperimentProvider
1468202392971	DeferredSave.extensions.json	DEBUG	Starting write
1468202392978	DeferredSave.addons.json	DEBUG	Starting write
1468202393018	DeferredSave.extensions.json	DEBUG	Write succeeded
1468202393027	DeferredSave.addons.json	DEBUG	Write succeeded

Build info: version: &#039;2.53.1&#039;, revision: &#039;a36b8b1&#039;, time: &#039;2016-06-30 17:32:46&#039;
System info: host: &#039;KG_PC&#039;, ip: &#039;192.168.1.12&#039;, os.name: &#039;Windows 10&#039;, os.arch: &#039;amd64&#039;, os.version: &#039;10.0&#039;, java.version: &#039;1.8.0_91&#039;
Driver info: driver.version: FirefoxDriver">
      <![CDATA[org.openqa.selenium.WebDriverException: Failed to connect to binary FirefoxBinary(C:\Program Files (x86)\Mozilla Firefox\firefox.exe) on port 7055; process output follows: 
1467464001716,"updateDate":1467464001716,"applyBackgroundUpdates":1,"skinnable":true,"size":22006,"sourceURI":null,"releaseNotesURI":null,"softDisabled":false,"foreignInstall":false,"hasBinaryComponents":false,"strictCompatibility":true,"locales":[],"targetApplications":[{"id":"{ec8030f7-c20a-464f-9b0e-13a3a9e97384}","minVersion":"47.0","maxVersion":"47.0"}],"targetPlatforms":[],"seen":true}
1468202391774	addons.xpi	DEBUG	getModTime: Recursive scan of {972ce4c6-7e08-4474-a285-3208198ce6fd}
1468202391777	DeferredSave.extensions.json	DEBUG	Save changes
1468202391777	addons.xpi	DEBUG	Updating database with changes to installed add-ons
1468202391777	addons.xpi-utils	DEBUG	Updating add-on states
1468202391780	addons.xpi-utils	DEBUG	Writing add-ons list
1468202391784	addons.xpi	DEBUG	Registering manifest for C:\Program Files (x86)\Mozilla Firefox\browser\features\e10srollout@mozilla.org.xpi
1468202391785	addons.xpi	DEBUG	Calling bootstrap method startup on e10srollout@mozilla.org version 1.0
1468202391785	addons.xpi	DEBUG	Registering manifest for C:\Program Files (x86)\Mozilla Firefox\browser\features\firefox@getpocket.com.xpi
1468202391786	addons.xpi	DEBUG	Calling bootstrap method startup on firefox@getpocket.com version 1.0.2
1468202391787	addons.xpi	DEBUG	Registering manifest for C:\Program Files (x86)\Mozilla Firefox\browser\features\loop@mozilla.org.xpi
1468202391788	addons.xpi	DEBUG	Calling bootstrap method startup on loop@mozilla.org version 1.3.2
1468202391819	addons.xpi	DEBUG	Registering manifest for C:\Program Files (x86)\Mozilla Firefox\browser\extensions\{82AF8DCA-6DE9-405D-BD5E-43525BDAD38A}.xpi
1468202391819	addons.xpi	DEBUG	Calling bootstrap method startup on {82AF8DCA-6DE9-405D-BD5E-43525BDAD38A} version 8.3.0.9150
1468202391824	addons.manager	DEBUG	Registering shutdown blocker for XPIProvider
1468202391824	addons.manager	DEBUG	Provider finished startup: XPIProvider
1468202391824	addons.manager	DEBUG	Starting provider: LightweightThemeManager
1468202391825	addons.manager	DEBUG	Registering shutdown blocker for LightweightThemeManager
1468202391825	addons.manager	DEBUG	Provider finished startup: LightweightThemeManager
1468202391826	addons.manager	DEBUG	Starting provider: GMPProvider
1468202391836	addons.manager	DEBUG	Registering shutdown blocker for GMPProvider
1468202391837	addons.manager	DEBUG	Provider finished startup: GMPProvider
1468202391837	addons.manager	DEBUG	Starting provider: PluginProvider
1468202391837	addons.manager	DEBUG	Registering shutdown blocker for PluginProvider
1468202391837	addons.manager	DEBUG	Provider finished startup: PluginProvider
1468202391838	addons.manager	DEBUG	Completed startup sequence
1468202392340	addons.manager	DEBUG	Starting provider: <unnamed-provider>
1468202392340	addons.manager	DEBUG	Registering shutdown blocker for <unnamed-provider>
1468202392341	addons.manager	DEBUG	Provider finished startup: <unnamed-provider>
JavaScript warning: resource://gre/modules/commonjs/toolkit/loader.js -> resource://gre/modules/commonjs/sdk/system/environment.js, line 15: Proxy.create and Proxy.createFunction are deprecated, use new Proxy instead
1468202392889	DeferredSave.extensions.json	DEBUG	Write succeeded
1468202392889	addons.xpi-utils	DEBUG	XPI Database saved, setting schema version preference to 17
1468202392890	DeferredSave.extensions.json	DEBUG	Starting timer
1468202392911	addons.repository	DEBUG	No addons.json found.
1468202392912	DeferredSave.addons.json	DEBUG	Save changes
1468202392917	DeferredSave.addons.json	DEBUG	Starting timer
1468202392968	addons.manager	DEBUG	Starting provider: PreviousExperimentProvider
1468202392968	addons.manager	DEBUG	Registering shutdown blocker for PreviousExperimentProvider
1468202392968	addons.manager	DEBUG	Provider finished startup: PreviousExperimentProvider
1468202392971	DeferredSave.extensions.json	DEBUG	Starting write
1468202392978	DeferredSave.addons.json	DEBUG	Starting write
1468202393018	DeferredSave.extensions.json	DEBUG	Write succeeded
1468202393027	DeferredSave.addons.json	DEBUG	Write succeeded

Build info: version: '2.53.1', revision: 'a36b8b1', time: '2016-06-30 17:32:46'
System info: host: 'KG_PC', ip: '192.168.1.12', os.name: 'Windows 10', os.arch: 'amd64', os.version: '10.0', java.version: '1.8.0_91'
Driver info: driver.version: FirefoxDriver
	at org.openqa.selenium.firefox.internal.NewProfileExtensionConnection.start(NewProfileExtensionConnection.java:124)
	at org.openqa.selenium.firefox.FirefoxDriver.startClient(FirefoxDriver.java:271)
	at org.openqa.selenium.remote.RemoteWebDriver.<init>(RemoteWebDriver.java:119)
	at org.openqa.selenium.firefox.FirefoxDriver.<init>(FirefoxDriver.java:218)
	at org.openqa.selenium.firefox.FirefoxDriver.<init>(FirefoxDriver.java:211)
	at org.openqa.selenium.firefox.FirefoxDriver.<init>(FirefoxDriver.java:207)
	at org.openqa.selenium.firefox.FirefoxDriver.<init>(FirefoxDriver.java:120)
	at Tutorial.LaunchFirefox.f(LaunchFirefox.java:15)
	at sun.reflect.NativeMethodAccessorImpl.invoke0(Native Method)
	at sun.reflect.NativeMethodAccessorImpl.invoke(Unknown Source)
	at sun.reflect.DelegatingMethodAccessorImpl.invoke(Unknown Source)
	at java.lang.reflect.Method.invoke(Unknown Source)
	at org.testng.internal.MethodInvocationHelper.invokeMethod(MethodInvocationHelper.java:85)
	at org.testng.internal.Invoker.invokeMethod(Invoker.java:639)
	at org.testng.internal.Invoker.invokeTestMethod(Invoker.java:816)
	at org.testng.internal.Invoker.invokeTestMethods(Invoker.java:1124)
	at org.testng.internal.TestMethodWorker.invokeTestMethods(TestMethodWorker.java:125)
	at org.testng.internal.TestMethodWorker.run(TestMethodWorker.java:108)
	at org.testng.TestRunner.privateRun(TestRunner.java:774)
	at org.testng.TestRunner.run(TestRunner.java:624)
	at org.testng.SuiteRunner.runTest(SuiteRunner.java:359)
	at org.testng.SuiteRunner.runSequentially(SuiteRunner.java:354)
	at org.testng.SuiteRunner.privateRun(SuiteRunner.java:312)
	at org.testng.SuiteRunner.run(SuiteRunner.java:261)
	at org.testng.SuiteRunnerWorker.runSuite(SuiteRunnerWorker.java:52)
	at org.testng.SuiteRunnerWorker.run(SuiteRunnerWorker.java:86)
	at org.testng.TestNG.runSuitesSequentially(TestNG.java:1215)
	at org.testng.TestNG.runSuitesLocally(TestNG.java:1140)
	at org.testng.TestNG.run(TestNG.java:1048)
	at org.testng.remote.AbstractRemoteTestNG.run(AbstractRemoteTestNG.java:126)
	at org.testng.remote.RemoteTestNG.initAndRun(RemoteTestNG.java:152)
	at org.testng.remote.RemoteTestNG.main(RemoteTestNG.java:57)
Caused by: org.openqa.selenium.firefox.NotConnectedException: Unable to connect to host 127.0.0.1 on port 7055 after 45000 ms. Firefox console output:
1467464001716,"updateDate":1467464001716,"applyBackgroundUpdates":1,"skinnable":true,"size":22006,"sourceURI":null,"releaseNotesURI":null,"softDisabled":false,"foreignInstall":false,"hasBinaryComponents":false,"strictCompatibility":true,"locales":[],"targetApplications":[{"id":"{ec8030f7-c20a-464f-9b0e-13a3a9e97384}","minVersion":"47.0","maxVersion":"47.0"}],"targetPlatforms":[],"seen":true}
1468202391774	addons.xpi	DEBUG	getModTime: Recursive scan of {972ce4c6-7e08-4474-a285-3208198ce6fd}
1468202391777	DeferredSave.extensions.json	DEBUG	Save changes
1468202391777	addons.xpi	DEBUG	Updating database with changes to installed add-ons
1468202391777	addons.xpi-utils	DEBUG	Updating add-on states
1468202391780	addons.xpi-utils	DEBUG	Writing add-ons list
1468202391784	addons.xpi	DEBUG	Registering manifest for C:\Program Files (x86)\Mozilla Firefox\browser\features\e10srollout@mozilla.org.xpi
1468202391785	addons.xpi	DEBUG	Calling bootstrap method startup on e10srollout@mozilla.org version 1.0
1468202391785	addons.xpi	DEBUG	Registering manifest for C:\Program Files (x86)\Mozilla Firefox\browser\features\firefox@getpocket.com.xpi
1468202391786	addons.xpi	DEBUG	Calling bootstrap method startup on firefox@getpocket.com version 1.0.2
1468202391787	addons.xpi	DEBUG	Registering manifest for C:\Program Files (x86)\Mozilla Firefox\browser\features\loop@mozilla.org.xpi
1468202391788	addons.xpi	DEBUG	Calling bootstrap method startup on loop@mozilla.org version 1.3.2
1468202391819	addons.xpi	DEBUG	Registering manifest for C:\Program Files (x86)\Mozilla Firefox\browser\extensions\{82AF8DCA-6DE9-405D-BD5E-43525BDAD38A}.xpi
1468202391819	addons.xpi	DEBUG	Calling bootstrap method startup on {82AF8DCA-6DE9-405D-BD5E-43525BDAD38A} version 8.3.0.9150
1468202391824	addons.manager	DEBUG	Registering shutdown blocker for XPIProvider
1468202391824	addons.manager	DEBUG	Provider finished startup: XPIProvider
1468202391824	addons.manager	DEBUG	Starting provider: LightweightThemeManager
1468202391825	addons.manager	DEBUG	Registering shutdown blocker for LightweightThemeManager
1468202391825	addons.manager	DEBUG	Provider finished startup: LightweightThemeManager
1468202391826	addons.manager	DEBUG	Starting provider: GMPProvider
1468202391836	addons.manager	DEBUG	Registering shutdown blocker for GMPProvider
1468202391837	addons.manager	DEBUG	Provider finished startup: GMPProvider
1468202391837	addons.manager	DEBUG	Starting provider: PluginProvider
1468202391837	addons.manager	DEBUG	Registering shutdown blocker for PluginProvider
1468202391837	addons.manager	DEBUG	Provider finished startup: PluginProvider
1468202391838	addons.manager	DEBUG	Completed startup sequence
1468202392340	addons.manager	DEBUG	Starting provider: <unnamed-provider>
1468202392340	addons.manager	DEBUG	Registering shutdown blocker for <unnamed-provider>
1468202392341	addons.manager	DEBUG	Provider finished startup: <unnamed-provider>
JavaScript warning: resource://gre/modules/commonjs/toolkit/loader.js -> resource://gre/modules/commonjs/sdk/system/environment.js, line 15: Proxy.create and Proxy.createFunction are deprecated, use new Proxy instead
1468202392889	DeferredSave.extensions.json	DEBUG	Write succeeded
1468202392889	addons.xpi-utils	DEBUG	XPI Database saved, setting schema version preference to 17
1468202392890	DeferredSave.extensions.json	DEBUG	Starting timer
1468202392911	addons.repository	DEBUG	No addons.json found.
1468202392912	DeferredSave.addons.json	DEBUG	Save changes
1468202392917	DeferredSave.addons.json	DEBUG	Starting timer
1468202392968	addons.manager	DEBUG	Starting provider: PreviousExperimentProvider
1468202392968	addons.manager	DEBUG	Registering shutdown blocker for PreviousExperimentProvider
1468202392968	addons.manager	DEBUG	Provider finished startup: PreviousExperimentProvider
1468202392971	DeferredSave.extensions.json	DEBUG	Starting write
1468202392978	DeferredSave.addons.json	DEBUG	Starting write
1468202393018	DeferredSave.extensions.json	DEBUG	Write succeeded
1468202393027	DeferredSave.addons.json	DEBUG	Write succeeded

	at org.openqa.selenium.firefox.internal.NewProfileExtensionConnection.start(NewProfileExtensionConnection.java:112)
	... 31 more
]]>
    </error>
  </testcase> <!-- f -->
</testsuite> <!-- Tutorial.LaunchFirefox -->
