<?xml version="1.0" encoding="UTF-8"?>
<!-- Generated by org.testng.reporters.JUnitReportReporter -->
<testsuite hostname="KG_PC" name="Tutorial.Variables" tests="1" failures="0" timestamp="11 Jul 2016 11:40:45 GMT" time="0.013" errors="0">
  <testcase name="f" time="0.013" classname="Tutorial.Variables"/>
</testsuite> <!-- Tutorial.Variables -->
