<?xml version="1.0" encoding="UTF-8"?>
<!-- Generated by org.testng.reporters.JUnitReportReporter -->
<testsuite hostname="KG_PC" name="pages.Parents" tests="1" failures="0" timestamp="11 Jul 2016 12:18:42 GMT" time="7.192" errors="0">
  <testcase name="f" time="7.192" classname="pages.Parents"/>
</testsuite> <!-- pages.Parents -->
